<?xml version="1.0" encoding="utf-8"?>
<test-run id="2" name="Open-Lab-04.11.dll" fullname="C:/Users/onkom/source/repos/Open-Lab-04.11/Open-Lab-04.11/bin/Debug/netcoreapp3.0/Open-Lab-04.11.dll" testcasecount="100" result="Passed" start-time="2021-11-10 11:22:59Z" end-time="2021-11-10 11:22:59Z" duration="0.107349" total="100" passed="100" failed="0" inconclusive="0" skipped="0" asserts="100" random-seed="1966803328">
  <command-line><![CDATA[C:\Users\onkom\source\repos\Open-Lab-04.11\Open-Lab-04.11\bin\Debug\netcoreapp3.0\Open-Lab-04.11.dll]]></command-line>
  <filter />
  <test-suite type="Assembly" id="1103" name="Open-Lab-04.11.dll" fullname="C:/Users/onkom/source/repos/Open-Lab-04.11/Open-Lab-04.11/bin/Debug/netcoreapp3.0/Open-Lab-04.11.dll" runstate="Runnable" testcasecount="100" result="Passed" start-time="2021-11-10 11:22:59Z" end-time="2021-11-10 11:22:59Z" duration="0.107349" total="100" passed="100" failed="0" warnings="0" inconclusive="0" skipped="0" asserts="100">
    <environment framework-version="3.12.0.0" clr-version="3.1.19" os-version="Microsoft Windows 10.0.19042" platform="Win32NT" cwd="C:\Users\onkom\source\repos\Open-Lab-04.11\Open-Lab-04.11\bin\Debug\netcoreapp3.0" machine-name="DESKTOP-7OQAPDJ" user="onkom" user-domain="DESKTOP-7OQAPDJ" culture="en-US" uiculture="en-US" os-architecture="x64" />
    <settings>
      <setting name="WorkDirectory" value="C:\Users\onkom\source\repos\Open-Lab-04.11\Open-Lab-04.11\bin\Debug\netcoreapp3.0" />
      <setting name="NumberOfTestWorkers" value="4" />
    </settings>
    <properties>
      <property name="_PID" value="16872" />
      <property name="_APPDOMAIN" value="Open-Lab-04.11" />
    </properties>
    <test-suite type="TestSuite" id="1104" name="Open_Lab_04" fullname="Open_Lab_04" runstate="Runnable" testcasecount="100" result="Passed" start-time="2021-11-10 11:22:59Z" end-time="2021-11-10 11:22:59Z" duration="0.090692" total="100" passed="100" failed="0" warnings="0" inconclusive="0" skipped="0" asserts="100">
      <test-suite type="TestSuite" id="1105" name="_11" fullname="Open_Lab_04._11" runstate="Runnable" testcasecount="100" result="Passed" start-time="2021-11-10 11:22:59Z" end-time="2021-11-10 11:22:59Z" duration="0.088484" total="100" passed="100" failed="0" warnings="0" inconclusive="0" skipped="0" asserts="100">
        <test-suite type="TestFixture" id="1000" name="Tests" fullname="Open_Lab_04._11.Tests" classname="Open_Lab_04._11.Tests" runstate="Runnable" testcasecount="100" result="Passed" start-time="2021-11-10 11:22:59Z" end-time="2021-11-10 11:22:59Z" duration="0.083608" total="100" passed="100" failed="0" warnings="0" inconclusive="0" skipped="0" asserts="100">
          <test-suite type="ParameterizedMethod" id="1006" name="AlphabetSoupTest" fullname="Open_Lab_04._11.Tests.AlphabetSoupTest" classname="Open_Lab_04._11.Tests" runstate="Runnable" testcasecount="5" result="Passed" start-time="2021-11-10 11:22:59Z" end-time="2021-11-10 11:22:59Z" duration="0.048005" total="5" passed="5" failed="0" warnings="0" inconclusive="0" skipped="0" asserts="5">
            <test-case id="1001" name="AlphabetSoupTest(&quot;hello&quot;,&quot;ehllo&quot;)" fullname="Open_Lab_04._11.Tests.AlphabetSoupTest(&quot;hello&quot;,&quot;ehllo&quot;)" methodname="AlphabetSoupTest" classname="Open_Lab_04._11.Tests" runstate="Runnable" seed="1586419290" result="Passed" start-time="2021-11-10 11:22:59Z" end-time="2021-11-10 11:22:59Z" duration="0.037594" asserts="1" />
            <test-case id="1002" name="AlphabetSoupTest(&quot;edabit&quot;,&quot;abdeit&quot;)" fullname="Open_Lab_04._11.Tests.AlphabetSoupTest(&quot;edabit&quot;,&quot;abdeit&quot;)" methodname="AlphabetSoupTest" classname="Open_Lab_04._11.Tests" runstate="Runnable" seed="1880285264" result="Passed" start-time="2021-11-10 11:22:59Z" end-time="2021-11-10 11:22:59Z" duration="0.000271" asserts="1" />
            <test-case id="1003" name="AlphabetSoupTest(&quot;hacker&quot;,&quot;acehkr&quot;)" fullname="Open_Lab_04._11.Tests.AlphabetSoupTest(&quot;hacker&quot;,&quot;acehkr&quot;)" methodname="AlphabetSoupTest" classname="Open_Lab_04._11.Tests" runstate="Runnable" seed="1119602002" result="Passed" start-time="2021-11-10 11:22:59Z" end-time="2021-11-10 11:22:59Z" duration="0.000086" asserts="1" />
            <test-case id="1004" name="AlphabetSoupTest(&quot;geek&quot;,&quot;eegk&quot;)" fullname="Open_Lab_04._11.Tests.AlphabetSoupTest(&quot;geek&quot;,&quot;eegk&quot;)" methodname="AlphabetSoupTest" classname="Open_Lab_04._11.Tests" runstate="Runnable" seed="1793668334" result="Passed" start-time="2021-11-10 11:22:59Z" end-time="2021-11-10 11:22:59Z" duration="0.000072" asserts="1" />
            <test-case id="1005" name="AlphabetSoupTest(&quot;javascript&quot;,&quot;aacijprstv&quot;)" fullname="Open_Lab_04._11.Tests.AlphabetSoupTest(&quot;javascript&quot;,&quot;aacijprstv&quot;)" methodname="AlphabetSoupTest" classname="Open_Lab_04._11.Tests" runstate="Runnable" seed="1423611775" result="Passed" start-time="2021-11-10 11:22:59Z" end-time="2021-11-10 11:22:59Z" duration="0.000074" asserts="1" />
          </test-suite>
          <test-suite type="ParameterizedMethod" id="1102" name="AlphabetSoupTestRandom" fullname="Open_Lab_04._11.Tests.AlphabetSoupTestRandom" classname="Open_Lab_04._11.Tests" runstate="Runnable" testcasecount="95" result="Passed" start-time="2021-11-10 11:22:59Z" end-time="2021-11-10 11:22:59Z" duration="0.019176" total="95" passed="95" failed="0" warnings="0" inconclusive="0" skipped="0" asserts="95">
            <test-case id="1007" name="AlphabetSoupTestRandom(&quot;hfulhbmgriytwxeayniltteokvqzruuspwiwrv&quot;,&quot;abeefghhiiikllmnopqrrrstttuuuvvwwwxyyz&quot;)" fullname="Open_Lab_04._11.Tests.AlphabetSoupTestRandom(&quot;hfulhbmgriytwxeayniltteokvqzruuspwiwrv&quot;,&quot;abeefghhiiikllmnopqrrrstttuuuvvwwwxyyz&quot;)" methodname="AlphabetSoupTestRandom" classname="Open_Lab_04._11.Tests" runstate="Runnable" seed="440569672" result="Passed" start-time="2021-11-10 11:22:59Z" end-time="2021-11-10 11:22:59Z" duration="0.000696" asserts="1" />
            <test-case id="1008" name="AlphabetSoupTestRandom(&quot;stsmjopjxronxvkqnagblknpwnfeaphjcvqrbhuavlthchxxfgvwlughgcpwikiijfkces&quot;,&quot;aaabbcccceefffgggghhhhhiiijjjjkkkklllmnnnnooppppqqrrsssttuuvvvvwwwxxxx&quot;)" fullname="Open_Lab_04._11.Tests.AlphabetSoupTestRandom(&quot;stsmjopjxronxvkqnagblknpwnfeaphjcvqrbhuavlthchxxfgvwlughgcpwikiijfkces&quot;,&quot;aaabbcccceefffgggghhhhhiiijjjjkkkklllmnnnnooppppqqrrsssttuuvvvvwwwxxxx&quot;)" methodname="AlphabetSoupTestRandom" classname="Open_Lab_04._11.Tests" runstate="Runnable" seed="1984718324" result="Passed" start-time="2021-11-10 11:22:59Z" end-time="2021-11-10 11:22:59Z" duration="0.000100" asserts="1" />
            <test-case id="1009" name="AlphabetSoupTestRandom(&quot;ggfgarfnpqizuulyipjlyryrkckywxusmroqfofpapagalooyhbmvhpoi&quot;,&quot;aaaabcffffgggghhiiijkklllmmnooooopppppqqrrrrsuuuvwxyyyyyz&quot;)" fullname="Open_Lab_04._11.Tests.AlphabetSoupTestRandom(&quot;ggfgarfnpqizuulyipjlyryrkckywxusmroqfofpapagalooyhbmvhpoi&quot;,&quot;aaaabcffffgggghhiiijkklllmmnooooopppppqqrrrrsuuuvwxyyyyyz&quot;)" methodname="AlphabetSoupTestRandom" classname="Open_Lab_04._11.Tests" runstate="Runnable" seed="1174997156" result="Passed" start-time="2021-11-10 11:22:59Z" end-time="2021-11-10 11:22:59Z" duration="0.000057" asserts="1" />
            <test-case id="1010" name="AlphabetSoupTestRandom(&quot;vxghqsvpmcfvsujtkjrrrzowapvixfbzhrsijtyhllylicohdcwgxq&quot;,&quot;abcccdffgghhhhiiijjjklllmooppqqrrrrsssttuvvvvwwxxxyyzz&quot;)" fullname="Open_Lab_04._11.Tests.AlphabetSoupTestRandom(&quot;vxghqsvpmcfvsujtkjrrrzowapvixfbzhrsijtyhllylicohdcwgxq&quot;,&quot;abcccdffgghhhhiiijjjklllmooppqqrrrrsssttuvvvvwwxxxyyzz&quot;)" methodname="AlphabetSoupTestRandom" classname="Open_Lab_04._11.Tests" runstate="Runnable" seed="1118806920" result="Passed" start-time="2021-11-10 11:22:59Z" end-time="2021-11-10 11:22:59Z" duration="0.000054" asserts="1" />
            <test-case id="1011" name="AlphabetSoupTestRandom(&quot;wijhawnrhbfnabbkqljgfacoxaofvivbrvvzzmxlytqkcpofbrguojrvgvjaihwzgevfgbkenxiljslhmjddcanh&quot;,&quot;aaaaaabbbbbbcccddeefffffggggghhhhhiiiijjjjjjkkkllllmmnnnnoooopqqrrrrstuvvvvvvvwwwxxxyzzz&quot;)" fullname="Open_Lab_04._11.Tests.AlphabetSoupTestRandom(&quot;wijhawnrhbfnabbkqljgfacoxaofvivbrvvzzmxlytqkcpofbrguojrvgvjaihwzgevfgbkenxiljslhmjddcanh&quot;,&quot;aaaaaabbbbbbcccddeefffffggggghhhhhiiiijjjjjjkkkllllmmnnnnoooopqqrrrrstuvvvvvvvwwwxxxyzzz&quot;)" methodname="AlphabetSoupTestRandom" classname="Open_Lab_04._11.Tests" runstate="Runnable" seed="459472455" result="Passed" start-time="2021-11-10 11:22:59Z" end-time="2021-11-10 11:22:59Z" duration="0.000076" asserts="1" />
            <test-case id="1012" name="AlphabetSoupTestRandom(&quot;atdcxdqxrdytiza&quot;,&quot;aacdddiqrttxxyz&quot;)" fullname="Open_Lab_04._11.Tests.AlphabetSoupTestRandom(&quot;atdcxdqxrdytiza&quot;,&quot;aacdddiqrttxxyz&quot;)" methodname="AlphabetSoupTestRandom" classname="Open_Lab_04._11.Tests" runstate="Runnable" seed="2112426257" result="Passed" start-time="2021-11-10 11:22:59Z" end-time="2021-11-10 11:22:59Z" duration="0.000053" asserts="1" />
            <test-case id="1013" name="AlphabetSoupTestRandom(&quot;chrbflnkcnyesxfrobfigbqusoso&quot;,&quot;bbbccefffghiklnnoooqrrsssuxy&quot;)" fullname="Open_Lab_04._11.Tests.AlphabetSoupTestRandom(&quot;chrbflnkcnyesxfrobfigbqusoso&quot;,&quot;bbbccefffghiklnnoooqrrsssuxy&quot;)" methodname="AlphabetSoupTestRandom" classname="Open_Lab_04._11.Tests" runstate="Runnable" seed="160785629" result="Passed" start-time="2021-11-10 11:22:59Z" end-time="2021-11-10 11:22:59Z" duration="0.000051" asserts="1" />
            <test-case id="1014" name="AlphabetSoupTestRandom(&quot;oekcwztvfyogtakelfuyhfgtsaarwjrtyxniobwxmvidrcnafph&quot;,&quot;aaaabccdeeffffgghhiijkklmnnoooprrrsttttuvvwwwxxyyyz&quot;)" fullname="Open_Lab_04._11.Tests.AlphabetSoupTestRandom(&quot;oekcwztvfyogtakelfuyhfgtsaarwjrtyxniobwxmvidrcnafph&quot;,&quot;aaaabccdeeffffgghhiijkklmnnoooprrrsttttuvvwwwxxyyyz&quot;)" methodname="AlphabetSoupTestRandom" classname="Open_Lab_04._11.Tests" runstate="Runnable" seed="1042259676" result="Passed" start-time="2021-11-10 11:22:59Z" end-time="2021-11-10 11:22:59Z" duration="0.000053" asserts="1" />
            <test-case id="1015" name="AlphabetSoupTestRandom(&quot;xqfjxrkwzbzwguhwmbqjixlmwdbqmzlgciv&quot;,&quot;bbbcdfgghiijjkllmmmqqqruvwwwwxxxzzz&quot;)" fullname="Open_Lab_04._11.Tests.AlphabetSoupTestRandom(&quot;xqfjxrkwzbzwguhwmbqjixlmwdbqmzlgciv&quot;,&quot;bbbcdfgghiijjkllmmmqqqruvwwwwxxxzzz&quot;)" methodname="AlphabetSoupTestRandom" classname="Open_Lab_04._11.Tests" runstate="Runnable" seed="1924007951" result="Passed" start-time="2021-11-10 11:22:59Z" end-time="2021-11-10 11:22:59Z" duration="0.000055" asserts="1" />
            <test-case id="1016" name="AlphabetSoupTestRandom(&quot;relxrzxkvlwwuqoezxaaftmupujzqsuy&quot;,&quot;aaeefjkllmopqqrrstuuuuvwwxxxyzzz&quot;)" fullname="Open_Lab_04._11.Tests.AlphabetSoupTestRandom(&quot;relxrzxkvlwwuqoezxaaftmupujzqsuy&quot;,&quot;aaeefjkllmopqqrrstuuuuvwwxxxyzzz&quot;)" methodname="AlphabetSoupTestRandom" classname="Open_Lab_04._11.Tests" runstate="Runnable" seed="2047934124" result="Passed" start-time="2021-11-10 11:22:59Z" end-time="2021-11-10 11:22:59Z" duration="0.000050" asserts="1" />
            <test-case id="1017" name="AlphabetSoupTestRandom(&quot;yfhpssjzaqkgfvwlgheivdxsriwqyudryxvlgogfqaedbnjynnjlqpdvhpykvtagntiizkfsazruyuqeyxclksaitaeqqvkxay&quot;,&quot;aaaaaaabcddddeeeeffffggggghhhiiiiijjjkkkkkllllnnnnopppqqqqqqqrrrssssstttuuuvvvvvvwwxxxxyyyyyyyyzzz&quot;)" fullname="Open_Lab_04._11.Tests.AlphabetSoupTestRandom(&quot;yfhpssjzaqkgfvwlgheivdxsriwqyudryxvlgogfqaedbnjynnjlqpdvhpykvtagntiizkfsazruyuqeyxclksaitaeqqvkxay&quot;,&quot;aaaaaaabcddddeeeeffffggggghhhiiiiijjjkkkkkllllnnnnopppqqqqqqqrrrssssstttuuuvvvvvvwwxxxxyyyyyyyyzzz&quot;)" methodname="AlphabetSoupTestRandom" classname="Open_Lab_04._11.Tests" runstate="Runnable" seed="159763497" result="Passed" start-time="2021-11-10 11:22:59Z" end-time="2021-11-10 11:22:59Z" duration="0.000069" asserts="1" />
            <test-case id="1018" name="AlphabetSoupTestRandom(&quot;hebzcirkqyjxmytmxqpvusapzgobfpuuafjzxyzcshkjkcrswjmgkcuoemawu&quot;,&quot;aaabbcccceeffgghhijjjjkkkkmmmmoopppqqrrssstuuuuuvwwxxxyyyzzzz&quot;)" fullname="Open_Lab_04._11.Tests.AlphabetSoupTestRandom(&quot;hebzcirkqyjxmytmxqpvusapzgobfpuuafjzxyzcshkjkcrswjmgkcuoemawu&quot;,&quot;aaabbcccceeffgghhijjjjkkkkmmmmoopppqqrrssstuuuuuvwwxxxyyyzzzz&quot;)" methodname="AlphabetSoupTestRandom" classname="Open_Lab_04._11.Tests" runstate="Runnable" seed="1971256902" result="Passed" start-time="2021-11-10 11:22:59Z" end-time="2021-11-10 11:22:59Z" duration="0.000057" asserts="1" />
            <test-case id="1019" name="AlphabetSoupTestRandom(&quot;fbeowhpupzrmcmiqewowfvcnjxkuukydiccifvfkcbtnpyzhfohdhykjzqfzxv&quot;,&quot;bbcccccddeeffffffhhhhiiijjkkkkmmnnooopppqqrtuuuvvvwwwxxyyyzzzz&quot;)" fullname="Open_Lab_04._11.Tests.AlphabetSoupTestRandom(&quot;fbeowhpupzrmcmiqewowfvcnjxkuukydiccifvfkcbtnpyzhfohdhykjzqfzxv&quot;,&quot;bbcccccddeeffffffhhhhiiijjkkkkmmnnooopppqqrtuuuvvvwwwxxyyyzzzz&quot;)" methodname="AlphabetSoupTestRandom" classname="Open_Lab_04._11.Tests" runstate="Runnable" seed="199963565" result="Passed" start-time="2021-11-10 11:22:59Z" end-time="2021-11-10 11:22:59Z" duration="0.000071" asserts="1" />
            <test-case id="1020" name="AlphabetSoupTestRandom(&quot;e&quot;,&quot;e&quot;)" fullname="Open_Lab_04._11.Tests.AlphabetSoupTestRandom(&quot;e&quot;,&quot;e&quot;)" methodname="AlphabetSoupTestRandom" classname="Open_Lab_04._11.Tests" runstate="Runnable" seed="1889489627" result="Passed" start-time="2021-11-10 11:22:59Z" end-time="2021-11-10 11:22:59Z" duration="0.000040" asserts="1" />
            <test-case id="1021" name="AlphabetSoupTestRandom(&quot;ndzk&quot;,&quot;dknz&quot;)" fullname="Open_Lab_04._11.Tests.AlphabetSoupTestRandom(&quot;ndzk&quot;,&quot;dknz&quot;)" methodname="AlphabetSoupTestRandom" classname="Open_Lab_04._11.Tests" runstate="Runnable" seed="707196371" result="Passed" start-time="2021-11-10 11:22:59Z" end-time="2021-11-10 11:22:59Z" duration="0.000046" asserts="1" />
            <test-case id="1022" name="AlphabetSoupTestRandom(&quot;kj&quot;,&quot;jk&quot;)" fullname="Open_Lab_04._11.Tests.AlphabetSoupTestRandom(&quot;kj&quot;,&quot;jk&quot;)" methodname="AlphabetSoupTestRandom" classname="Open_Lab_04._11.Tests" runstate="Runnable" seed="901829844" result="Passed" start-time="2021-11-10 11:22:59Z" end-time="2021-11-10 11:22:59Z" duration="0.000041" asserts="1" />
            <test-case id="1023" name="AlphabetSoupTestRandom(&quot;etdbpxlycofduvkstjoqgngbpmbuzxfeyndehhjttbvgubgrthqrvtjrmbmcvqye&quot;,&quot;bbbbbbccdddeeeeffgggghhhjjjklmmmnnooppqqqrrrsttttttuuuvvvvxxyyyz&quot;)" fullname="Open_Lab_04._11.Tests.AlphabetSoupTestRandom(&quot;etdbpxlycofduvkstjoqgngbpmbuzxfeyndehhjttbvgubgrthqrvtjrmbmcvqye&quot;,&quot;bbbbbbccdddeeeeffgggghhhjjjklmmmnnooppqqqrrrsttttttuuuvvvvxxyyyz&quot;)" methodname="AlphabetSoupTestRandom" classname="Open_Lab_04._11.Tests" runstate="Runnable" seed="1996795990" result="Passed" start-time="2021-11-10 11:22:59Z" end-time="2021-11-10 11:22:59Z" duration="0.000060" asserts="1" />
            <test-case id="1024" name="AlphabetSoupTestRandom(&quot;bfhsgkmzvwfrahngjbrhoifdlrfuhxdcqwtwz&quot;,&quot;abbcddffffgghhhhijklmnoqrrrstuvwwwxzz&quot;)" fullname="Open_Lab_04._11.Tests.AlphabetSoupTestRandom(&quot;bfhsgkmzvwfrahngjbrhoifdlrfuhxdcqwtwz&quot;,&quot;abbcddffffgghhhhijklmnoqrrrstuvwwwxzz&quot;)" methodname="AlphabetSoupTestRandom" classname="Open_Lab_04._11.Tests" runstate="Runnable" seed="983715311" result="Passed" start-time="2021-11-10 11:22:59Z" end-time="2021-11-10 11:22:59Z" duration="0.000051" asserts="1" />
            <test-case id="1025" name="AlphabetSoupTestRandom(&quot;nwerawezmuzwlpgwvsadgofrsxtcbdorhkovdwiizmflvklnwubawvsyrmzccbyjgipbaltykreujuwhmfggboulrqdrwffxnw&quot;,&quot;aaaabbbbbcccddddeeefffffggggghhiiijjkkklllllmmmmnnnooooppqrrrrrrrsssttuuuuuvvvvwwwwwwwwwwxxyyyzzzz&quot;)" fullname="Open_Lab_04._11.Tests.AlphabetSoupTestRandom(&quot;nwerawezmuzwlpgwvsadgofrsxtcbdorhkovdwiizmflvklnwubawvsyrmzccbyjgipbaltykreujuwhmfggboulrqdrwffxnw&quot;,&quot;aaaabbbbbcccddddeeefffffggggghhiiijjkkklllllmmmmnnnooooppqrrrrrrrsssttuuuuuvvvvwwwwwwwwwwxxyyyzzzz&quot;)" methodname="AlphabetSoupTestRandom" classname="Open_Lab_04._11.Tests" runstate="Runnable" seed="33290035" result="Passed" start-time="2021-11-10 11:22:59Z" end-time="2021-11-10 11:22:59Z" duration="0.000067" asserts="1" />
            <test-case id="1026" name="AlphabetSoupTestRandom(&quot;nvkmlacperyoxpsqxvrh&quot;,&quot;acehklmnoppqrrsvvxxy&quot;)" fullname="Open_Lab_04._11.Tests.AlphabetSoupTestRandom(&quot;nvkmlacperyoxpsqxvrh&quot;,&quot;acehklmnoppqrrsvvxxy&quot;)" methodname="AlphabetSoupTestRandom" classname="Open_Lab_04._11.Tests" runstate="Runnable" seed="722178911" result="Passed" start-time="2021-11-10 11:22:59Z" end-time="2021-11-10 11:22:59Z" duration="0.000049" asserts="1" />
            <test-case id="1027" name="AlphabetSoupTestRandom(&quot;ndjkhbbflggnpjlbtugzzputbgbepicwonzrbbdyajtkrbiggodalisxipjaaxpdekybju&quot;,&quot;aaaabbbbbbbbbcddddeefgggggghiiiijjjjjkkklllnnnooppppprrstttuuuwxxyyzzz&quot;)" fullname="Open_Lab_04._11.Tests.AlphabetSoupTestRandom(&quot;ndjkhbbflggnpjlbtugzzputbgbepicwonzrbbdyajtkrbiggodalisxipjaaxpdekybju&quot;,&quot;aaaabbbbbbbbbcddddeefgggggghiiiijjjjjkkklllnnnooppppprrstttuuuwxxyyzzz&quot;)" methodname="AlphabetSoupTestRandom" classname="Open_Lab_04._11.Tests" runstate="Runnable" seed="671043964" result="Passed" start-time="2021-11-10 11:22:59Z" end-time="2021-11-10 11:22:59Z" duration="0.000066" asserts="1" />
            <test-case id="1028" name="AlphabetSoupTestRandom(&quot;rr&quot;,&quot;rr&quot;)" fullname="Open_Lab_04._11.Tests.AlphabetSoupTestRandom(&quot;rr&quot;,&quot;rr&quot;)" methodname="AlphabetSoupTestRandom" classname="Open_Lab_04._11.Tests" runstate="Runnable" seed="1250684553" result="Passed" start-time="2021-11-10 11:22:59Z" end-time="2021-11-10 11:22:59Z" duration="0.000055" asserts="1" />
            <test-case id="1029" name="AlphabetSoupTestRandom(&quot;ypwkcayvybebkgucilsdydupfhcg&quot;,&quot;abbcccddefgghikklppsuuvwyyyy&quot;)" fullname="Open_Lab_04._11.Tests.AlphabetSoupTestRandom(&quot;ypwkcayvybebkgucilsdydupfhcg&quot;,&quot;abbcccddefgghikklppsuuvwyyyy&quot;)" methodname="AlphabetSoupTestRandom" classname="Open_Lab_04._11.Tests" runstate="Runnable" seed="65128656" result="Passed" start-time="2021-11-10 11:22:59Z" end-time="2021-11-10 11:22:59Z" duration="0.000258" asserts="1" />
            <test-case id="1030" name="AlphabetSoupTestRandom(&quot;lnmjejdaynjceyoyczshglozniuugeuyrymnrsgxqbkyiatffrdikyqaznvwojuuslkglbgksvrfbqqnopppbmothm&quot;,&quot;aaabbbbccddeeefffggggghhiiijjjjkkkkllllmmmmnnnnnnooooopppqqqqrrrrssssttuuuuuvvwxyyyyyyyzzz&quot;)" fullname="Open_Lab_04._11.Tests.AlphabetSoupTestRandom(&quot;lnmjejdaynjceyoyczshglozniuugeuyrymnrsgxqbkyiatffrdikyqaznvwojuuslkglbgksvrfbqqnopppbmothm&quot;,&quot;aaabbbbccddeeefffggggghhiiijjjjkkkkllllmmmmnnnnnnooooopppqqqqrrrrssssttuuuuuvvwxyyyyyyyzzz&quot;)" methodname="AlphabetSoupTestRandom" classname="Open_Lab_04._11.Tests" runstate="Runnable" seed="329101658" result="Passed" start-time="2021-11-10 11:22:59Z" end-time="2021-11-10 11:22:59Z" duration="0.000087" asserts="1" />
            <test-case id="1031" name="AlphabetSoupTestRandom(&quot;ewkighqgxpntdkspoglzjxihzuetfxryzncnimkxljsxbvleixzmwm&quot;,&quot;bcdeeefggghhiiiijjkkklllmmmnnnoppqrssttuvwwxxxxxxyzzzz&quot;)" fullname="Open_Lab_04._11.Tests.AlphabetSoupTestRandom(&quot;ewkighqgxpntdkspoglzjxihzuetfxryzncnimkxljsxbvleixzmwm&quot;,&quot;bcdeeefggghhiiiijjkkklllmmmnnnoppqrssttuvwwxxxxxxyzzzz&quot;)" methodname="AlphabetSoupTestRandom" classname="Open_Lab_04._11.Tests" runstate="Runnable" seed="452618886" result="Passed" start-time="2021-11-10 11:22:59Z" end-time="2021-11-10 11:22:59Z" duration="0.000062" asserts="1" />
            <test-case id="1032" name="AlphabetSoupTestRandom(&quot;gocimdxaayouqiehcwn&quot;,&quot;aaccdeghiimnooquwxy&quot;)" fullname="Open_Lab_04._11.Tests.AlphabetSoupTestRandom(&quot;gocimdxaayouqiehcwn&quot;,&quot;aaccdeghiimnooquwxy&quot;)" methodname="AlphabetSoupTestRandom" classname="Open_Lab_04._11.Tests" runstate="Runnable" seed="684530340" result="Passed" start-time="2021-11-10 11:22:59Z" end-time="2021-11-10 11:22:59Z" duration="0.000171" asserts="1" />
            <test-case id="1033" name="AlphabetSoupTestRandom(&quot;zfkgdizkixecmiwzfdxunjrymbuwdqxqjyfaewfedmscumihmfbyysap&quot;,&quot;aabbccddddeeefffffghiiiijjkkmmmmmnpqqrssuuuwwwxxxyyyyzzz&quot;)" fullname="Open_Lab_04._11.Tests.AlphabetSoupTestRandom(&quot;zfkgdizkixecmiwzfdxunjrymbuwdqxqjyfaewfedmscumihmfbyysap&quot;,&quot;aabbccddddeeefffffghiiiijjkkmmmmmnpqqrssuuuwwwxxxyyyyzzz&quot;)" methodname="AlphabetSoupTestRandom" classname="Open_Lab_04._11.Tests" runstate="Runnable" seed="515056198" result="Passed" start-time="2021-11-10 11:22:59Z" end-time="2021-11-10 11:22:59Z" duration="0.000221" asserts="1" />
            <test-case id="1034" name="AlphabetSoupTestRandom(&quot;ltcndhsaosndvvjytrbroeasnkxozrqyqmsccqzfzcgtverkrzebyyz&quot;,&quot;aabbccccddeeefghjkklmnnnoooqqqrrrrrsssstttvvvxyyyyzzzzz&quot;)" fullname="Open_Lab_04._11.Tests.AlphabetSoupTestRandom(&quot;ltcndhsaosndvvjytrbroeasnkxozrqyqmsccqzfzcgtverkrzebyyz&quot;,&quot;aabbccccddeeefghjkklmnnnoooqqqrrrrrsssstttvvvxyyyyzzzzz&quot;)" methodname="AlphabetSoupTestRandom" classname="Open_Lab_04._11.Tests" runstate="Runnable" seed="1207273089" result="Passed" start-time="2021-11-10 11:22:59Z" end-time="2021-11-10 11:22:59Z" duration="0.000200" asserts="1" />
            <test-case id="1035" name="AlphabetSoupTestRandom(&quot;sjatjdbwcpnichvdrwrmyhxjtn&quot;,&quot;abccddhhijjjmnnprrsttvwwxy&quot;)" fullname="Open_Lab_04._11.Tests.AlphabetSoupTestRandom(&quot;sjatjdbwcpnichvdrwrmyhxjtn&quot;,&quot;abccddhhijjjmnnprrsttvwwxy&quot;)" methodname="AlphabetSoupTestRandom" classname="Open_Lab_04._11.Tests" runstate="Runnable" seed="246170886" result="Passed" start-time="2021-11-10 11:22:59Z" end-time="2021-11-10 11:22:59Z" duration="0.000153" asserts="1" />
            <test-case id="1036" name="AlphabetSoupTestRandom(&quot;znozrmljtpgvwakqfrihkdbjcgnilmqzvgcjnpvvqxcnlavmorrskglvlfxlzdygygapxbcpvnrnbnyblbttuypp&quot;,&quot;aaabbbbbccccddffgggggghiijjjkkklllllllmmmnnnnnnnooppppppqqqrrrrrstttuvvvvvvvwxxxyyyyzzzz&quot;)" fullname="Open_Lab_04._11.Tests.AlphabetSoupTestRandom(&quot;znozrmljtpgvwakqfrihkdbjcgnilmqzvgcjnpvvqxcnlavmorrskglvlfxlzdygygapxbcpvnrnbnyblbttuypp&quot;,&quot;aaabbbbbccccddffgggggghiijjjkkklllllllmmmnnnnnnnooppppppqqqrrrrrstttuvvvvvvvwxxxyyyyzzzz&quot;)" methodname="AlphabetSoupTestRandom" classname="Open_Lab_04._11.Tests" runstate="Runnable" seed="260623761" result="Passed" start-time="2021-11-10 11:22:59Z" end-time="2021-11-10 11:22:59Z" duration="0.000074" asserts="1" />
            <test-case id="1037" name="AlphabetSoupTestRandom(&quot;gxiskvmyvoeafonobwxpyuxgvzyjelarlurduxlreofzubfngfsbrawlzbxkxcujomplwjtelgkjpymttl&quot;,&quot;aaabbbbcdeeeeffffggggijjjjkkklllllllmmmnnoooooppprrrrsstttuuuuuvvvwwwxxxxxxyyyyzzz&quot;)" fullname="Open_Lab_04._11.Tests.AlphabetSoupTestRandom(&quot;gxiskvmyvoeafonobwxpyuxgvzyjelarlurduxlreofzubfngfsbrawlzbxkxcujomplwjtelgkjpymttl&quot;,&quot;aaabbbbcdeeeeffffggggijjjjkkklllllllmmmnnoooooppprrrrsstttuuuuuvvvwwwxxxxxxyyyyzzz&quot;)" methodname="AlphabetSoupTestRandom" classname="Open_Lab_04._11.Tests" runstate="Runnable" seed="1508745680" result="Passed" start-time="2021-11-10 11:22:59Z" end-time="2021-11-10 11:22:59Z" duration="0.000281" asserts="1" />
            <test-case id="1038" name="AlphabetSoupTestRandom(&quot;ztyakxfeszatb&quot;,&quot;aabefksttxyzz&quot;)" fullname="Open_Lab_04._11.Tests.AlphabetSoupTestRandom(&quot;ztyakxfeszatb&quot;,&quot;aabefksttxyzz&quot;)" methodname="AlphabetSoupTestRandom" classname="Open_Lab_04._11.Tests" runstate="Runnable" seed="1814901315" result="Passed" start-time="2021-11-10 11:22:59Z" end-time="2021-11-10 11:22:59Z" duration="0.000107" asserts="1" />
            <test-case id="1039" name="AlphabetSoupTestRandom(&quot;vkhmtqxloqlpmwapdqmzvqpmeorfbeknjptnehaugneiovkidcwkgbzevuifzrkjgxgxcnkwqrthmh&quot;,&quot;aabbccddeeeeeffgggghhhhiiijjkkkkkkllmmmmmnnnnoooppppqqqqqrrrtttuuvvvvwwwxxxzzz&quot;)" fullname="Open_Lab_04._11.Tests.AlphabetSoupTestRandom(&quot;vkhmtqxloqlpmwapdqmzvqpmeorfbeknjptnehaugneiovkidcwkgbzevuifzrkjgxgxcnkwqrthmh&quot;,&quot;aabbccddeeeeeffgggghhhhiiijjkkkkkkllmmmmmnnnnoooppppqqqqqrrrtttuuvvvvwwwxxxzzz&quot;)" methodname="AlphabetSoupTestRandom" classname="Open_Lab_04._11.Tests" runstate="Runnable" seed="1385002217" result="Passed" start-time="2021-11-10 11:22:59Z" end-time="2021-11-10 11:22:59Z" duration="0.000100" asserts="1" />
            <test-case id="1040" name="AlphabetSoupTestRandom(&quot;idicyiaghqpskyuvodvcrpnfqrztphrsnwzbqplafrygnuaxwwfeqfgtqcmgjhqzyxfnzseyruwzrhsvrcxscnbipflo&quot;,&quot;aaabbcccccddeeffffffgggghhhhiiiijkllmnnnnnoopppppqqqqqqrrrrrrrsssssttuuuvvvwwwwxxxyyyyyzzzzz&quot;)" fullname="Open_Lab_04._11.Tests.AlphabetSoupTestRandom(&quot;idicyiaghqpskyuvodvcrpnfqrztphrsnwzbqplafrygnuaxwwfeqfgtqcmgjhqzyxfnzseyruwzrhsvrcxscnbipflo&quot;,&quot;aaabbcccccddeeffffffgggghhhhiiiijkllmnnnnnoopppppqqqqqqrrrrrrrsssssttuuuvvvwwwwxxxyyyyyzzzzz&quot;)" methodname="AlphabetSoupTestRandom" classname="Open_Lab_04._11.Tests" runstate="Runnable" seed="1636974188" result="Passed" start-time="2021-11-10 11:22:59Z" end-time="2021-11-10 11:22:59Z" duration="0.000108" asserts="1" />
            <test-case id="1041" name="AlphabetSoupTestRandom(&quot;eryayhqonxdrgm&quot;,&quot;adeghmnoqrrxyy&quot;)" fullname="Open_Lab_04._11.Tests.AlphabetSoupTestRandom(&quot;eryayhqonxdrgm&quot;,&quot;adeghmnoqrrxyy&quot;)" methodname="AlphabetSoupTestRandom" classname="Open_Lab_04._11.Tests" runstate="Runnable" seed="868637265" result="Passed" start-time="2021-11-10 11:22:59Z" end-time="2021-11-10 11:22:59Z" duration="0.000075" asserts="1" />
            <test-case id="1042" name="AlphabetSoupTestRandom(&quot;ihcjjqphjyxlvxxugqvncxyszcgeetavaeziccenokocbwurpdwblztkjkjhjlcqxbkrypremhysjvrdipoaxzk&quot;,&quot;aaabbbcccccccddeeeeegghhhhiiijjjjjjjkkkkklllmnnoooppppqqqrrrrssttuuvvvvwwxxxxxxyyyyzzzz&quot;)" fullname="Open_Lab_04._11.Tests.AlphabetSoupTestRandom(&quot;ihcjjqphjyxlvxxugqvncxyszcgeetavaeziccenokocbwurpdwblztkjkjhjlcqxbkrypremhysjvrdipoaxzk&quot;,&quot;aaabbbcccccccddeeeeegghhhhiiijjjjjjjkkkkklllmnnoooppppqqqrrrrssttuuvvvvwwxxxxxxyyyyzzzz&quot;)" methodname="AlphabetSoupTestRandom" classname="Open_Lab_04._11.Tests" runstate="Runnable" seed="1537358711" result="Passed" start-time="2021-11-10 11:22:59Z" end-time="2021-11-10 11:22:59Z" duration="0.000076" asserts="1" />
            <test-case id="1043" name="AlphabetSoupTestRandom(&quot;kozstwe&quot;,&quot;ekostwz&quot;)" fullname="Open_Lab_04._11.Tests.AlphabetSoupTestRandom(&quot;kozstwe&quot;,&quot;ekostwz&quot;)" methodname="AlphabetSoupTestRandom" classname="Open_Lab_04._11.Tests" runstate="Runnable" seed="62833424" result="Passed" start-time="2021-11-10 11:22:59Z" end-time="2021-11-10 11:22:59Z" duration="0.000060" asserts="1" />
            <test-case id="1044" name="AlphabetSoupTestRandom(&quot;hyfzldtamspd&quot;,&quot;addfhlmpstyz&quot;)" fullname="Open_Lab_04._11.Tests.AlphabetSoupTestRandom(&quot;hyfzldtamspd&quot;,&quot;addfhlmpstyz&quot;)" methodname="AlphabetSoupTestRandom" classname="Open_Lab_04._11.Tests" runstate="Runnable" seed="1978686210" result="Passed" start-time="2021-11-10 11:22:59Z" end-time="2021-11-10 11:22:59Z" duration="0.000070" asserts="1" />
            <test-case id="1045" name="AlphabetSoupTestRandom(&quot;bbn&quot;,&quot;bbn&quot;)" fullname="Open_Lab_04._11.Tests.AlphabetSoupTestRandom(&quot;bbn&quot;,&quot;bbn&quot;)" methodname="AlphabetSoupTestRandom" classname="Open_Lab_04._11.Tests" runstate="Runnable" seed="1069598986" result="Passed" start-time="2021-11-10 11:22:59Z" end-time="2021-11-10 11:22:59Z" duration="0.000047" asserts="1" />
            <test-case id="1046" name="AlphabetSoupTestRandom(&quot;gztxcsxrigkpylpdvkkqrrfvooejgajmlamxkfffhidxjkohaafrrxaouyioookhxxexyrt&quot;,&quot;aaaaacddeefffffggghhhiiijjjkkkkkkllmmoooooooppqrrrrrrsttuvvxxxxxxxxyyyz&quot;)" fullname="Open_Lab_04._11.Tests.AlphabetSoupTestRandom(&quot;gztxcsxrigkpylpdvkkqrrfvooejgajmlamxkfffhidxjkohaafrrxaouyioookhxxexyrt&quot;,&quot;aaaaacddeefffffggghhhiiijjjkkkkkkllmmoooooooppqrrrrrrsttuvvxxxxxxxxyyyz&quot;)" methodname="AlphabetSoupTestRandom" classname="Open_Lab_04._11.Tests" runstate="Runnable" seed="1526668879" result="Passed" start-time="2021-11-10 11:22:59Z" end-time="2021-11-10 11:22:59Z" duration="0.000079" asserts="1" />
            <test-case id="1047" name="AlphabetSoupTestRandom(&quot;eejjoimdzxjgvruoaxdmxrrtxvzlgqiigpnmnqalleoqeemfcpxanhsmnplt&quot;,&quot;aaacddeeeeefggghiiijjjllllmmmmmnnnnooopppqqqrrrsttuvvxxxxxzz&quot;)" fullname="Open_Lab_04._11.Tests.AlphabetSoupTestRandom(&quot;eejjoimdzxjgvruoaxdmxrrtxvzlgqiigpnmnqalleoqeemfcpxanhsmnplt&quot;,&quot;aaacddeeeeefggghiiijjjllllmmmmmnnnnooopppqqqrrrsttuvvxxxxxzz&quot;)" methodname="AlphabetSoupTestRandom" classname="Open_Lab_04._11.Tests" runstate="Runnable" seed="457183187" result="Passed" start-time="2021-11-10 11:22:59Z" end-time="2021-11-10 11:22:59Z" duration="0.000080" asserts="1" />
            <test-case id="1048" name="AlphabetSoupTestRandom(&quot;bxjpazfdiajxrascbotjuiqshvzxazyf&quot;,&quot;aaaabbcdffhiijjjopqrsstuvxxxyzzz&quot;)" fullname="Open_Lab_04._11.Tests.AlphabetSoupTestRandom(&quot;bxjpazfdiajxrascbotjuiqshvzxazyf&quot;,&quot;aaaabbcdffhiijjjopqrsstuvxxxyzzz&quot;)" methodname="AlphabetSoupTestRandom" classname="Open_Lab_04._11.Tests" runstate="Runnable" seed="225857408" result="Passed" start-time="2021-11-10 11:22:59Z" end-time="2021-11-10 11:22:59Z" duration="0.000059" asserts="1" />
            <test-case id="1049" name="AlphabetSoupTestRandom(&quot;dkhfadegbuoodvgajlarkoshqhfzi&quot;,&quot;aaabdddeffgghhhijkkloooqrsuvz&quot;)" fullname="Open_Lab_04._11.Tests.AlphabetSoupTestRandom(&quot;dkhfadegbuoodvgajlarkoshqhfzi&quot;,&quot;aaabdddeffgghhhijkkloooqrsuvz&quot;)" methodname="AlphabetSoupTestRandom" classname="Open_Lab_04._11.Tests" runstate="Runnable" seed="1626164275" result="Passed" start-time="2021-11-10 11:22:59Z" end-time="2021-11-10 11:22:59Z" duration="0.000065" asserts="1" />
            <test-case id="1050" name="AlphabetSoupTestRandom(&quot;icdpopkxalocsn&quot;,&quot;accdiklnooppsx&quot;)" fullname="Open_Lab_04._11.Tests.AlphabetSoupTestRandom(&quot;icdpopkxalocsn&quot;,&quot;accdiklnooppsx&quot;)" methodname="AlphabetSoupTestRandom" classname="Open_Lab_04._11.Tests" runstate="Runnable" seed="1502327314" result="Passed" start-time="2021-11-10 11:22:59Z" end-time="2021-11-10 11:22:59Z" duration="0.000065" asserts="1" />
            <test-case id="1051" name="AlphabetSoupTestRandom(&quot;eezsxq&quot;,&quot;eeqsxz&quot;)" fullname="Open_Lab_04._11.Tests.AlphabetSoupTestRandom(&quot;eezsxq&quot;,&quot;eeqsxz&quot;)" methodname="AlphabetSoupTestRandom" classname="Open_Lab_04._11.Tests" runstate="Runnable" seed="1394166124" result="Passed" start-time="2021-11-10 11:22:59Z" end-time="2021-11-10 11:22:59Z" duration="0.000046" asserts="1" />
            <test-case id="1052" name="AlphabetSoupTestRandom(&quot;xnxprzptxeyylmknhqpmlpdhwefldghknvfqsyylihnjetcptqrbie&quot;,&quot;bcddeeeeffghhhhiijkkllllmmnnnnpppppqqqrrstttvwxxxyyyyz&quot;)" fullname="Open_Lab_04._11.Tests.AlphabetSoupTestRandom(&quot;xnxprzptxeyylmknhqpmlpdhwefldghknvfqsyylihnjetcptqrbie&quot;,&quot;bcddeeeeffghhhhiijkkllllmmnnnnpppppqqqrrstttvwxxxyyyyz&quot;)" methodname="AlphabetSoupTestRandom" classname="Open_Lab_04._11.Tests" runstate="Runnable" seed="357281061" result="Passed" start-time="2021-11-10 11:22:59Z" end-time="2021-11-10 11:22:59Z" duration="0.000070" asserts="1" />
            <test-case id="1053" name="AlphabetSoupTestRandom(&quot;hkptmudprxn&quot;,&quot;dhkmnpprtux&quot;)" fullname="Open_Lab_04._11.Tests.AlphabetSoupTestRandom(&quot;hkptmudprxn&quot;,&quot;dhkmnpprtux&quot;)" methodname="AlphabetSoupTestRandom" classname="Open_Lab_04._11.Tests" runstate="Runnable" seed="1003305901" result="Passed" start-time="2021-11-10 11:22:59Z" end-time="2021-11-10 11:22:59Z" duration="0.000059" asserts="1" />
            <test-case id="1054" name="AlphabetSoupTestRandom(&quot;qguvjseedctdccqrnpfcjsxfcflrervmqilizuijezy&quot;,&quot;cccccddeeeefffgiiijjjllmnpqqqrrrsstuuvvxyzz&quot;)" fullname="Open_Lab_04._11.Tests.AlphabetSoupTestRandom(&quot;qguvjseedctdccqrnpfcjsxfcflrervmqilizuijezy&quot;,&quot;cccccddeeeefffgiiijjjllmnpqqqrrrsstuuvvxyzz&quot;)" methodname="AlphabetSoupTestRandom" classname="Open_Lab_04._11.Tests" runstate="Runnable" seed="1717074620" result="Passed" start-time="2021-11-10 11:22:59Z" end-time="2021-11-10 11:22:59Z" duration="0.000062" asserts="1" />
            <test-case id="1055" name="AlphabetSoupTestRandom(&quot;rmrkdlccskbyjosdhnzm&quot;,&quot;bccddhjkklmmnorrssyz&quot;)" fullname="Open_Lab_04._11.Tests.AlphabetSoupTestRandom(&quot;rmrkdlccskbyjosdhnzm&quot;,&quot;bccddhjkklmmnorrssyz&quot;)" methodname="AlphabetSoupTestRandom" classname="Open_Lab_04._11.Tests" runstate="Runnable" seed="1161565120" result="Passed" start-time="2021-11-10 11:22:59Z" end-time="2021-11-10 11:22:59Z" duration="0.000059" asserts="1" />
            <test-case id="1056" name="AlphabetSoupTestRandom(&quot;hmtqissgwyjtsoqobnspttfgn&quot;,&quot;bfgghijmnnoopqqssssttttwy&quot;)" fullname="Open_Lab_04._11.Tests.AlphabetSoupTestRandom(&quot;hmtqissgwyjtsoqobnspttfgn&quot;,&quot;bfgghijmnnoopqqssssttttwy&quot;)" methodname="AlphabetSoupTestRandom" classname="Open_Lab_04._11.Tests" runstate="Runnable" seed="320465934" result="Passed" start-time="2021-11-10 11:22:59Z" end-time="2021-11-10 11:22:59Z" duration="0.000065" asserts="1" />
            <test-case id="1057" name="AlphabetSoupTestRandom(&quot;kcebramykaxtutjvwmseqacpgzgxmngmdjhqbuhjhuepqhszfxwtoiikzpvrtolwtlplltucejxwvmzyghspqmyuaxqmyppsi&quot;,&quot;aaaabbcccdeeeefgggghhhhhiiijjjjkkkllllmmmmmmmnoopppppppqqqqqrrssssttttttuuuuuvvvwwwwxxxxxyyyyzzzz&quot;)" fullname="Open_Lab_04._11.Tests.AlphabetSoupTestRandom(&quot;kcebramykaxtutjvwmseqacpgzgxmngmdjhqbuhjhuepqhszfxwtoiikzpvrtolwtlplltucejxwvmzyghspqmyuaxqmyppsi&quot;,&quot;aaaabbcccdeeeefgggghhhhhiiijjjjkkkllllmmmmmmmnoopppppppqqqqqrrssssttttttuuuuuvvvwwwwxxxxxyyyyzzzz&quot;)" methodname="AlphabetSoupTestRandom" classname="Open_Lab_04._11.Tests" runstate="Runnable" seed="640589064" result="Passed" start-time="2021-11-10 11:22:59Z" end-time="2021-11-10 11:22:59Z" duration="0.000071" asserts="1" />
            <test-case id="1058" name="AlphabetSoupTestRandom(&quot;verhnlduoelmonpwllwwggnulodhd&quot;,&quot;dddeegghhlllllmnnnooopruuvwww&quot;)" fullname="Open_Lab_04._11.Tests.AlphabetSoupTestRandom(&quot;verhnlduoelmonpwllwwggnulodhd&quot;,&quot;dddeegghhlllllmnnnooopruuvwww&quot;)" methodname="AlphabetSoupTestRandom" classname="Open_Lab_04._11.Tests" runstate="Runnable" seed="533112863" result="Passed" start-time="2021-11-10 11:22:59Z" end-time="2021-11-10 11:22:59Z" duration="0.000053" asserts="1" />
            <test-case id="1059" name="AlphabetSoupTestRandom(&quot;tfooqvgzuglwytjnidxbeevlbpqwwzhwqzlgyawuqlrplkiulxgakckpjcn&quot;,&quot;aabbccdeefgggghiijjkkkllllllnnoopppqqqqrttuuuvvwwwwwxxyyzzz&quot;)" fullname="Open_Lab_04._11.Tests.AlphabetSoupTestRandom(&quot;tfooqvgzuglwytjnidxbeevlbpqwwzhwqzlgyawuqlrplkiulxgakckpjcn&quot;,&quot;aabbccdeefgggghiijjkkkllllllnnoopppqqqqrttuuuvvwwwwwxxyyzzz&quot;)" methodname="AlphabetSoupTestRandom" classname="Open_Lab_04._11.Tests" runstate="Runnable" seed="1921337468" result="Passed" start-time="2021-11-10 11:22:59Z" end-time="2021-11-10 11:22:59Z" duration="0.000099" asserts="1" />
            <test-case id="1060" name="AlphabetSoupTestRandom(&quot;ekduzpf&quot;,&quot;defkpuz&quot;)" fullname="Open_Lab_04._11.Tests.AlphabetSoupTestRandom(&quot;ekduzpf&quot;,&quot;defkpuz&quot;)" methodname="AlphabetSoupTestRandom" classname="Open_Lab_04._11.Tests" runstate="Runnable" seed="918972263" result="Passed" start-time="2021-11-10 11:22:59Z" end-time="2021-11-10 11:22:59Z" duration="0.000051" asserts="1" />
            <test-case id="1061" name="AlphabetSoupTestRandom(&quot;hdphhclsmgargwlyshloovwvmuqgiwqvejmhhythqscdcwvhyecsdqklgtvmmfjqpemxkdrunexwtttqziheuysnzaandgvli&quot;,&quot;aaaccccdddddeeeeefggggghhhhhhhhhiiijjkklllllmmmmmmnnnooppqqqqqqrrssssstttttuuuvvvvvvwwwwwxxyyyyzz&quot;)" fullname="Open_Lab_04._11.Tests.AlphabetSoupTestRandom(&quot;hdphhclsmgargwlyshloovwvmuqgiwqvejmhhythqscdcwvhyecsdqklgtvmmfjqpemxkdrunexwtttqziheuysnzaandgvli&quot;,&quot;aaaccccdddddeeeeefggggghhhhhhhhhiiijjkklllllmmmmmmnnnooppqqqqqqrrssssstttttuuuvvvvvvwwwwwxxyyyyzz&quot;)" methodname="AlphabetSoupTestRandom" classname="Open_Lab_04._11.Tests" runstate="Runnable" seed="1580113125" result="Passed" start-time="2021-11-10 11:22:59Z" end-time="2021-11-10 11:22:59Z" duration="0.000088" asserts="1" />
            <test-case id="1062" name="AlphabetSoupTestRandom(&quot;nyjxxumhezsnsmaendxfvrlyxjddrhimohguhblnrmutvlho&quot;,&quot;abdddeefghhhhhijjlllmmmmnnnnoorrrsstuuuvvxxxxyyz&quot;)" fullname="Open_Lab_04._11.Tests.AlphabetSoupTestRandom(&quot;nyjxxumhezsnsmaendxfvrlyxjddrhimohguhblnrmutvlho&quot;,&quot;abdddeefghhhhhijjlllmmmmnnnnoorrrsstuuuvvxxxxyyz&quot;)" methodname="AlphabetSoupTestRandom" classname="Open_Lab_04._11.Tests" runstate="Runnable" seed="1337368766" result="Passed" start-time="2021-11-10 11:22:59Z" end-time="2021-11-10 11:22:59Z" duration="0.000070" asserts="1" />
            <test-case id="1063" name="AlphabetSoupTestRandom(&quot;ztsncqvmkznrjqxqgylgfwlrkojxsdmboqrnqymqkiwbxvivxcp&quot;,&quot;bbccdfggiijjkkkllmmmnnnoopqqqqqqrrrsstvvvwwxxxxyyzz&quot;)" fullname="Open_Lab_04._11.Tests.AlphabetSoupTestRandom(&quot;ztsncqvmkznrjqxqgylgfwlrkojxsdmboqrnqymqkiwbxvivxcp&quot;,&quot;bbccdfggiijjkkkllmmmnnnoopqqqqqqrrrsstvvvwwxxxxyyzz&quot;)" methodname="AlphabetSoupTestRandom" classname="Open_Lab_04._11.Tests" runstate="Runnable" seed="1919589668" result="Passed" start-time="2021-11-10 11:22:59Z" end-time="2021-11-10 11:22:59Z" duration="0.000064" asserts="1" />
            <test-case id="1064" name="AlphabetSoupTestRandom(&quot;whhciadogyuhnmcsyjahmuvxakuognapozehjpfpvykmoonltpw&quot;,&quot;aaaaccdefgghhhhhijjkklmmmnnnoooooppppstuuuvvwwxyyyz&quot;)" fullname="Open_Lab_04._11.Tests.AlphabetSoupTestRandom(&quot;whhciadogyuhnmcsyjahmuvxakuognapozehjpfpvykmoonltpw&quot;,&quot;aaaaccdefgghhhhhijjkklmmmnnnoooooppppstuuuvvwwxyyyz&quot;)" methodname="AlphabetSoupTestRandom" classname="Open_Lab_04._11.Tests" runstate="Runnable" seed="845895498" result="Passed" start-time="2021-11-10 11:22:59Z" end-time="2021-11-10 11:22:59Z" duration="0.000071" asserts="1" />
            <test-case id="1065" name="AlphabetSoupTestRandom(&quot;chacmkbxgpityetohvjjekmokjilwjvqqmngycuynhjfqqnjvydx&quot;,&quot;abcccdeefgghhhiijjjjjjkkklmmmnnnoopqqqqttuvvvwxxyyyy&quot;)" fullname="Open_Lab_04._11.Tests.AlphabetSoupTestRandom(&quot;chacmkbxgpityetohvjjekmokjilwjvqqmngycuynhjfqqnjvydx&quot;,&quot;abcccdeefgghhhiijjjjjjkkklmmmnnnoopqqqqttuvvvwxxyyyy&quot;)" methodname="AlphabetSoupTestRandom" classname="Open_Lab_04._11.Tests" runstate="Runnable" seed="666188034" result="Passed" start-time="2021-11-10 11:22:59Z" end-time="2021-11-10 11:22:59Z" duration="0.000102" asserts="1" />
            <test-case id="1066" name="AlphabetSoupTestRandom(&quot;nisumrcbqbxurclrmqeakvxa&quot;,&quot;aabbcceiklmmnqqrrrsuuvxx&quot;)" fullname="Open_Lab_04._11.Tests.AlphabetSoupTestRandom(&quot;nisumrcbqbxurclrmqeakvxa&quot;,&quot;aabbcceiklmmnqqrrrsuuvxx&quot;)" methodname="AlphabetSoupTestRandom" classname="Open_Lab_04._11.Tests" runstate="Runnable" seed="1922425762" result="Passed" start-time="2021-11-10 11:22:59Z" end-time="2021-11-10 11:22:59Z" duration="0.000052" asserts="1" />
            <test-case id="1067" name="AlphabetSoupTestRandom(&quot;ytwzpxfxkcdullkrxxfmlyobrj&quot;,&quot;bcdffjkklllmoprrtuwxxxxyyz&quot;)" fullname="Open_Lab_04._11.Tests.AlphabetSoupTestRandom(&quot;ytwzpxfxkcdullkrxxfmlyobrj&quot;,&quot;bcdffjkklllmoprrtuwxxxxyyz&quot;)" methodname="AlphabetSoupTestRandom" classname="Open_Lab_04._11.Tests" runstate="Runnable" seed="1597370059" result="Passed" start-time="2021-11-10 11:22:59Z" end-time="2021-11-10 11:22:59Z" duration="0.000064" asserts="1" />
            <test-case id="1068" name="AlphabetSoupTestRandom(&quot;zxvrlrooygcaerwhziwaetimyrovzeuhg&quot;,&quot;aaceeegghhiilmooorrrrtuvvwwxyyzzz&quot;)" fullname="Open_Lab_04._11.Tests.AlphabetSoupTestRandom(&quot;zxvrlrooygcaerwhziwaetimyrovzeuhg&quot;,&quot;aaceeegghhiilmooorrrrtuvvwwxyyzzz&quot;)" methodname="AlphabetSoupTestRandom" classname="Open_Lab_04._11.Tests" runstate="Runnable" seed="1100996187" result="Passed" start-time="2021-11-10 11:22:59Z" end-time="2021-11-10 11:22:59Z" duration="0.000084" asserts="1" />
            <test-case id="1069" name="AlphabetSoupTestRandom(&quot;gaolrdxxmlvwbuoqotvjdfoitudtotmuuplwtoqtchhxrcqtgipbmwlalf&quot;,&quot;aabbccdddffgghhiijlllllmmmooooooppqqqrrtttttttuuuuvvwwwxxx&quot;)" fullname="Open_Lab_04._11.Tests.AlphabetSoupTestRandom(&quot;gaolrdxxmlvwbuoqotvjdfoitudtotmuuplwtoqtchhxrcqtgipbmwlalf&quot;,&quot;aabbccdddffgghhiijlllllmmmooooooppqqqrrtttttttuuuuvvwwwxxx&quot;)" methodname="AlphabetSoupTestRandom" classname="Open_Lab_04._11.Tests" runstate="Runnable" seed="796088790" result="Passed" start-time="2021-11-10 11:22:59Z" end-time="2021-11-10 11:22:59Z" duration="0.000072" asserts="1" />
            <test-case id="1070" name="AlphabetSoupTestRandom(&quot;xzeisyablisxadbgvxqrqekmfdlixelknwtuyzozqaekolpykqpcvobsprconsehxhkejh&quot;,&quot;aaabbbccddeeeeeefghhhiiijkkkkkllllmnnoooopppqqqqrrsssstuvvwxxxxxyyyzzz&quot;)" fullname="Open_Lab_04._11.Tests.AlphabetSoupTestRandom(&quot;xzeisyablisxadbgvxqrqekmfdlixelknwtuyzozqaekolpykqpcvobsprconsehxhkejh&quot;,&quot;aaabbbccddeeeeeefghhhiiijkkkkkllllmnnoooopppqqqqrrsssstuvvwxxxxxyyyzzz&quot;)" methodname="AlphabetSoupTestRandom" classname="Open_Lab_04._11.Tests" runstate="Runnable" seed="1663384190" result="Passed" start-time="2021-11-10 11:22:59Z" end-time="2021-11-10 11:22:59Z" duration="0.000068" asserts="1" />
            <test-case id="1071" name="AlphabetSoupTestRandom(&quot;wjraqzzyuonyhoipyvaegwalywxngalodh&quot;,&quot;aaaadegghhijllnnooopqruvwwwxyyyyzz&quot;)" fullname="Open_Lab_04._11.Tests.AlphabetSoupTestRandom(&quot;wjraqzzyuonyhoipyvaegwalywxngalodh&quot;,&quot;aaaadegghhijllnnooopqruvwwwxyyyyzz&quot;)" methodname="AlphabetSoupTestRandom" classname="Open_Lab_04._11.Tests" runstate="Runnable" seed="539188444" result="Passed" start-time="2021-11-10 11:22:59Z" end-time="2021-11-10 11:22:59Z" duration="0.000085" asserts="1" />
            <test-case id="1072" name="AlphabetSoupTestRandom(&quot;tenltpsizauxsoslijccaifbtcmstdzuzwpklkgonoaleyfyopceafskylrrdaowbzxwzhay&quot;,&quot;aaaaaabbccccddeeefffghiiijkkklllllmnnoooooppprrsssssttttuuwwwxxyyyyzzzzz&quot;)" fullname="Open_Lab_04._11.Tests.AlphabetSoupTestRandom(&quot;tenltpsizauxsoslijccaifbtcmstdzuzwpklkgonoaleyfyopceafskylrrdaowbzxwzhay&quot;,&quot;aaaaaabbccccddeeefffghiiijkkklllllmnnoooooppprrsssssttttuuwwwxxyyyyzzzzz&quot;)" methodname="AlphabetSoupTestRandom" classname="Open_Lab_04._11.Tests" runstate="Runnable" seed="492345829" result="Passed" start-time="2021-11-10 11:22:59Z" end-time="2021-11-10 11:22:59Z" duration="0.000653" asserts="1" />
            <test-case id="1073" name="AlphabetSoupTestRandom(&quot;noliuxvwndea&quot;,&quot;adeilnnouvwx&quot;)" fullname="Open_Lab_04._11.Tests.AlphabetSoupTestRandom(&quot;noliuxvwndea&quot;,&quot;adeilnnouvwx&quot;)" methodname="AlphabetSoupTestRandom" classname="Open_Lab_04._11.Tests" runstate="Runnable" seed="586254685" result="Passed" start-time="2021-11-10 11:22:59Z" end-time="2021-11-10 11:22:59Z" duration="0.000389" asserts="1" />
            <test-case id="1074" name="AlphabetSoupTestRandom(&quot;uudelzsplmadkfbjzhpdbmqgceowuqxjvgedsvvbfncblekrtnowpxshdxbhkwvvpqhdaxqelnxokou&quot;,&quot;aabbbbbccddddddeeeeeffgghhhhjjkkkkllllmmnnnooooppppqqqqrssstuuuuvvvvvwwwxxxxxzz&quot;)" fullname="Open_Lab_04._11.Tests.AlphabetSoupTestRandom(&quot;uudelzsplmadkfbjzhpdbmqgceowuqxjvgedsvvbfncblekrtnowpxshdxbhkwvvpqhdaxqelnxokou&quot;,&quot;aabbbbbccddddddeeeeeffgghhhhjjkkkkllllmmnnnooooppppqqqqrssstuuuuvvvvvwwwxxxxxzz&quot;)" methodname="AlphabetSoupTestRandom" classname="Open_Lab_04._11.Tests" runstate="Runnable" seed="710473024" result="Passed" start-time="2021-11-10 11:22:59Z" end-time="2021-11-10 11:22:59Z" duration="0.000203" asserts="1" />
            <test-case id="1075" name="AlphabetSoupTestRandom(&quot;uwcgbauynxzvtoqjsgmvwgrvwjkbzewocdmnuotovjpdxvkxxowdcybnfgjrptzjalsqbcodnxanrnxbznekitmdbzhnfb&quot;,&quot;aaabbbbbbbccccdddddeeffgggghijjjjjkkklmmmnnnnnnnnooooooppqqrrrssttttuuuvvvvvwwwwwxxxxxxyyzzzzz&quot;)" fullname="Open_Lab_04._11.Tests.AlphabetSoupTestRandom(&quot;uwcgbauynxzvtoqjsgmvwgrvwjkbzewocdmnuotovjpdxvkxxowdcybnfgjrptzjalsqbcodnxanrnxbznekitmdbzhnfb&quot;,&quot;aaabbbbbbbccccdddddeeffgggghijjjjjkkklmmmnnnnnnnnooooooppqqrrrssttttuuuvvvvvwwwwwxxxxxxyyzzzzz&quot;)" methodname="AlphabetSoupTestRandom" classname="Open_Lab_04._11.Tests" runstate="Runnable" seed="1020852362" result="Passed" start-time="2021-11-10 11:22:59Z" end-time="2021-11-10 11:22:59Z" duration="0.000136" asserts="1" />
            <test-case id="1076" name="AlphabetSoupTestRandom(&quot;ckgcmdtwuzsqeyowriiscooahyppbvbxlzxdkkkxfrjlpciemdpexjwnvgvooeuzyvffbllgykmkfdkepkcyfwacckhepwjb&quot;,&quot;aabbbbcccccccddddeeeeeefffffggghhiiijjjkkkkkkkkkllllmmmnoooooppppppqrrsstuuvvvvwwwwwxxxxyyyyyzzz&quot;)" fullname="Open_Lab_04._11.Tests.AlphabetSoupTestRandom(&quot;ckgcmdtwuzsqeyowriiscooahyppbvbxlzxdkkkxfrjlpciemdpexjwnvgvooeuzyvffbllgykmkfdkepkcyfwacckhepwjb&quot;,&quot;aabbbbcccccccddddeeeeeefffffggghhiiijjjkkkkkkkkkllllmmmnoooooppppppqrrsstuuvvvvwwwwwxxxxyyyyyzzz&quot;)" methodname="AlphabetSoupTestRandom" classname="Open_Lab_04._11.Tests" runstate="Runnable" seed="1317321307" result="Passed" start-time="2021-11-10 11:22:59Z" end-time="2021-11-10 11:22:59Z" duration="0.000081" asserts="1" />
            <test-case id="1077" name="AlphabetSoupTestRandom(&quot;kmuxddbrjgmwlisvrydbvubuccqdgrbbknvqpgmgbgwqofqcojxxfabqlauamxlrelmxncfklwzpylgxlooxuevjm&quot;,&quot;aaabbbbbbbccccddddeefffggggggijjjkkklllllllmmmmmmnnooooppqqqqqrrrrsuuuuuvvvvwwwxxxxxxxyyz&quot;)" fullname="Open_Lab_04._11.Tests.AlphabetSoupTestRandom(&quot;kmuxddbrjgmwlisvrydbvubuccqdgrbbknvqpgmgbgwqofqcojxxfabqlauamxlrelmxncfklwzpylgxlooxuevjm&quot;,&quot;aaabbbbbbbccccddddeefffggggggijjjkkklllllllmmmmmmnnooooppqqqqqrrrrsuuuuuvvvvwwwxxxxxxxyyz&quot;)" methodname="AlphabetSoupTestRandom" classname="Open_Lab_04._11.Tests" runstate="Runnable" seed="838996420" result="Passed" start-time="2021-11-10 11:22:59Z" end-time="2021-11-10 11:22:59Z" duration="0.000066" asserts="1" />
            <test-case id="1078" name="AlphabetSoupTestRandom(&quot;eplmueveldstomdmlib&quot;,&quot;bddeeeilllmmmopstuv&quot;)" fullname="Open_Lab_04._11.Tests.AlphabetSoupTestRandom(&quot;eplmueveldstomdmlib&quot;,&quot;bddeeeilllmmmopstuv&quot;)" methodname="AlphabetSoupTestRandom" classname="Open_Lab_04._11.Tests" runstate="Runnable" seed="18109780" result="Passed" start-time="2021-11-10 11:22:59Z" end-time="2021-11-10 11:22:59Z" duration="0.000051" asserts="1" />
            <test-case id="1079" name="AlphabetSoupTestRandom(&quot;sauxoxinwapdkixqyycvttzdeszcuhsmhamevoywvhilnp&quot;,&quot;aaaccddeehhhiiiklmmnnooppqsssttuuvvvwwxxxyyyzz&quot;)" fullname="Open_Lab_04._11.Tests.AlphabetSoupTestRandom(&quot;sauxoxinwapdkixqyycvttzdeszcuhsmhamevoywvhilnp&quot;,&quot;aaaccddeehhhiiiklmmnnooppqsssttuuvvvwwxxxyyyzz&quot;)" methodname="AlphabetSoupTestRandom" classname="Open_Lab_04._11.Tests" runstate="Runnable" seed="2061599972" result="Passed" start-time="2021-11-10 11:22:59Z" end-time="2021-11-10 11:22:59Z" duration="0.000056" asserts="1" />
            <test-case id="1080" name="AlphabetSoupTestRandom(&quot;gomomggsybqsvxgtphdvjvtukafzmlnpo&quot;,&quot;abdfgggghjklmmmnoooppqssttuvvvxyz&quot;)" fullname="Open_Lab_04._11.Tests.AlphabetSoupTestRandom(&quot;gomomggsybqsvxgtphdvjvtukafzmlnpo&quot;,&quot;abdfgggghjklmmmnoooppqssttuvvvxyz&quot;)" methodname="AlphabetSoupTestRandom" classname="Open_Lab_04._11.Tests" runstate="Runnable" seed="654104803" result="Passed" start-time="2021-11-10 11:22:59Z" end-time="2021-11-10 11:22:59Z" duration="0.000054" asserts="1" />
            <test-case id="1081" name="AlphabetSoupTestRandom(&quot;tnhsfgbindevdzposekuylvsemahgnnaekesmwbwt&quot;,&quot;aabbddeeeeefgghhikklmmnnnnopssssttuvvwwyz&quot;)" fullname="Open_Lab_04._11.Tests.AlphabetSoupTestRandom(&quot;tnhsfgbindevdzposekuylvsemahgnnaekesmwbwt&quot;,&quot;aabbddeeeeefgghhikklmmnnnnopssssttuvvwwyz&quot;)" methodname="AlphabetSoupTestRandom" classname="Open_Lab_04._11.Tests" runstate="Runnable" seed="264995724" result="Passed" start-time="2021-11-10 11:22:59Z" end-time="2021-11-10 11:22:59Z" duration="0.000057" asserts="1" />
            <test-case id="1082" name="AlphabetSoupTestRandom(&quot;hpqo&quot;,&quot;hopq&quot;)" fullname="Open_Lab_04._11.Tests.AlphabetSoupTestRandom(&quot;hpqo&quot;,&quot;hopq&quot;)" methodname="AlphabetSoupTestRandom" classname="Open_Lab_04._11.Tests" runstate="Runnable" seed="445186556" result="Passed" start-time="2021-11-10 11:22:59Z" end-time="2021-11-10 11:22:59Z" duration="0.000050" asserts="1" />
            <test-case id="1083" name="AlphabetSoupTestRandom(&quot;gjysjfulhrpotftczpdrsuxbvcnaxefbpouyivevjywaxhirayhamxflmwwhstodmnzekvuelihtywentvazwfpsjil&quot;,&quot;aaaaabbccddeeeeefffffghhhhhiiiijjjjkllllmmmnnnooopppprrrsssstttttuuuuvvvvvwwwwwxxxxyyyyyzzz&quot;)" fullname="Open_Lab_04._11.Tests.AlphabetSoupTestRandom(&quot;gjysjfulhrpotftczpdrsuxbvcnaxefbpouyivevjywaxhirayhamxflmwwhstodmnzekvuelihtywentvazwfpsjil&quot;,&quot;aaaaabbccddeeeeefffffghhhhhiiiijjjjkllllmmmnnnooopppprrrsssstttttuuuuvvvvvwwwwwxxxxyyyyyzzz&quot;)" methodname="AlphabetSoupTestRandom" classname="Open_Lab_04._11.Tests" runstate="Runnable" seed="1772003925" result="Passed" start-time="2021-11-10 11:22:59Z" end-time="2021-11-10 11:22:59Z" duration="0.000073" asserts="1" />
            <test-case id="1084" name="AlphabetSoupTestRandom(&quot;yxcqktojiegeecodplnprjnwtpggxhubjigogrieiufpow&quot;,&quot;bccdeeeefggggghiiiijjjklnnooooppppqrrttuuwwxxy&quot;)" fullname="Open_Lab_04._11.Tests.AlphabetSoupTestRandom(&quot;yxcqktojiegeecodplnprjnwtpggxhubjigogrieiufpow&quot;,&quot;bccdeeeefggggghiiiijjjklnnooooppppqrrttuuwwxxy&quot;)" methodname="AlphabetSoupTestRandom" classname="Open_Lab_04._11.Tests" runstate="Runnable" seed="710284989" result="Passed" start-time="2021-11-10 11:22:59Z" end-time="2021-11-10 11:22:59Z" duration="0.000057" asserts="1" />
            <test-case id="1085" name="AlphabetSoupTestRandom(&quot;tqmdxvwtpjfxvmhmbjeuvwaxxdigxdxhwunqlewgnoreaunsbiegjbzxqofunpwlmxabzrbxmyhgfwxdp&quot;,&quot;aaabbbbbddddeeeefffgggghhhiijjjllmmmmmnnnnoopppqqqrrsttuuuuvvvwwwwwwxxxxxxxxxxyzz&quot;)" fullname="Open_Lab_04._11.Tests.AlphabetSoupTestRandom(&quot;tqmdxvwtpjfxvmhmbjeuvwaxxdigxdxhwunqlewgnoreaunsbiegjbzxqofunpwlmxabzrbxmyhgfwxdp&quot;,&quot;aaabbbbbddddeeeefffgggghhhiijjjllmmmmmnnnnoopppqqqrrsttuuuuvvvwwwwwwxxxxxxxxxxyzz&quot;)" methodname="AlphabetSoupTestRandom" classname="Open_Lab_04._11.Tests" runstate="Runnable" seed="1082419181" result="Passed" start-time="2021-11-10 11:22:59Z" end-time="2021-11-10 11:22:59Z" duration="0.000085" asserts="1" />
            <test-case id="1086" name="AlphabetSoupTestRandom(&quot;fpyrxuupawzbtxsfsctmtkhhtlusstrbfxkhnuzfgjqexlfjozdujdvviryma&quot;,&quot;aabbcddefffffghhhijjjkkllmmnoppqrrrsssstttttuuuuuvvwxxxxyyzzz&quot;)" fullname="Open_Lab_04._11.Tests.AlphabetSoupTestRandom(&quot;fpyrxuupawzbtxsfsctmtkhhtlusstrbfxkhnuzfgjqexlfjozdujdvviryma&quot;,&quot;aabbcddefffffghhhijjjkkllmmnoppqrrrsssstttttuuuuuvvwxxxxyyzzz&quot;)" methodname="AlphabetSoupTestRandom" classname="Open_Lab_04._11.Tests" runstate="Runnable" seed="95337825" result="Passed" start-time="2021-11-10 11:22:59Z" end-time="2021-11-10 11:22:59Z" duration="0.000091" asserts="1" />
            <test-case id="1087" name="AlphabetSoupTestRandom(&quot;xgexwvn&quot;,&quot;egnvwxx&quot;)" fullname="Open_Lab_04._11.Tests.AlphabetSoupTestRandom(&quot;xgexwvn&quot;,&quot;egnvwxx&quot;)" methodname="AlphabetSoupTestRandom" classname="Open_Lab_04._11.Tests" runstate="Runnable" seed="1828708086" result="Passed" start-time="2021-11-10 11:22:59Z" end-time="2021-11-10 11:22:59Z" duration="0.000056" asserts="1" />
            <test-case id="1088" name="AlphabetSoupTestRandom(&quot;sxcofktcjifkespwrcbozvwnfelkzaojwehgsvxl&quot;,&quot;abccceeefffghijjkkkllnoooprssstvvwwwxxzz&quot;)" fullname="Open_Lab_04._11.Tests.AlphabetSoupTestRandom(&quot;sxcofktcjifkespwrcbozvwnfelkzaojwehgsvxl&quot;,&quot;abccceeefffghijjkkkllnoooprssstvvwwwxxzz&quot;)" methodname="AlphabetSoupTestRandom" classname="Open_Lab_04._11.Tests" runstate="Runnable" seed="945465225" result="Passed" start-time="2021-11-10 11:22:59Z" end-time="2021-11-10 11:22:59Z" duration="0.000055" asserts="1" />
            <test-case id="1089" name="AlphabetSoupTestRandom(&quot;fhphpxeqi&quot;,&quot;efhhippqx&quot;)" fullname="Open_Lab_04._11.Tests.AlphabetSoupTestRandom(&quot;fhphpxeqi&quot;,&quot;efhhippqx&quot;)" methodname="AlphabetSoupTestRandom" classname="Open_Lab_04._11.Tests" runstate="Runnable" seed="45707969" result="Passed" start-time="2021-11-10 11:22:59Z" end-time="2021-11-10 11:22:59Z" duration="0.000170" asserts="1" />
            <test-case id="1090" name="AlphabetSoupTestRandom(&quot;tuykwapjbyjcjtvozkjdvfpmt&quot;,&quot;abcdfjjjjkkmopptttuvvwyyz&quot;)" fullname="Open_Lab_04._11.Tests.AlphabetSoupTestRandom(&quot;tuykwapjbyjcjtvozkjdvfpmt&quot;,&quot;abcdfjjjjkkmopptttuvvwyyz&quot;)" methodname="AlphabetSoupTestRandom" classname="Open_Lab_04._11.Tests" runstate="Runnable" seed="2073188599" result="Passed" start-time="2021-11-10 11:22:59Z" end-time="2021-11-10 11:22:59Z" duration="0.001720" asserts="1" />
            <test-case id="1091" name="AlphabetSoupTestRandom(&quot;gfqhhtrtupytlgdmwntcywlaxthekoemqhtjttrplpyfqgzdajictqqk&quot;,&quot;aaccddeeffggghhhhijjkklllmmnopppqqqqqrrtttttttttuwwxyyyz&quot;)" fullname="Open_Lab_04._11.Tests.AlphabetSoupTestRandom(&quot;gfqhhtrtupytlgdmwntcywlaxthekoemqhtjttrplpyfqgzdajictqqk&quot;,&quot;aaccddeeffggghhhhijjkklllmmnopppqqqqqrrtttttttttuwwxyyyz&quot;)" methodname="AlphabetSoupTestRandom" classname="Open_Lab_04._11.Tests" runstate="Runnable" seed="1767518344" result="Passed" start-time="2021-11-10 11:22:59Z" end-time="2021-11-10 11:22:59Z" duration="0.000738" asserts="1" />
            <test-case id="1092" name="AlphabetSoupTestRandom(&quot;pjnmmjgllcdmutcvdriygkrueebfbsarjpdjddygsuedwqgpghpzhmnesthiiaktcldeptrascfmg&quot;,&quot;aaabbccccdddddddeeeeeffgggggghhhiiijjjjkklllmmmmmnnpppppqrrrrssssttttuuuvwyyz&quot;)" fullname="Open_Lab_04._11.Tests.AlphabetSoupTestRandom(&quot;pjnmmjgllcdmutcvdriygkrueebfbsarjpdjddygsuedwqgpghpzhmnesthiiaktcldeptrascfmg&quot;,&quot;aaabbccccdddddddeeeeeffgggggghhhiiijjjjkklllmmmmmnnpppppqrrrrssssttttuuuvwyyz&quot;)" methodname="AlphabetSoupTestRandom" classname="Open_Lab_04._11.Tests" runstate="Runnable" seed="975632817" result="Passed" start-time="2021-11-10 11:22:59Z" end-time="2021-11-10 11:22:59Z" duration="0.000284" asserts="1" />
            <test-case id="1093" name="AlphabetSoupTestRandom(&quot;ynylzudakxbzqkvqxsjlbknbanppgegbyfuukwaqpbbfcqcgfce&quot;,&quot;aaabbbbbbcccdeefffgggjkkkkllnnnpppqqqqsuuuvwxxyyyzz&quot;)" fullname="Open_Lab_04._11.Tests.AlphabetSoupTestRandom(&quot;ynylzudakxbzqkvqxsjlbknbanppgegbyfuukwaqpbbfcqcgfce&quot;,&quot;aaabbbbbbcccdeefffgggjkkkkllnnnpppqqqqsuuuvwxxyyyzz&quot;)" methodname="AlphabetSoupTestRandom" classname="Open_Lab_04._11.Tests" runstate="Runnable" seed="2041047494" result="Passed" start-time="2021-11-10 11:22:59Z" end-time="2021-11-10 11:22:59Z" duration="0.000196" asserts="1" />
            <test-case id="1094" name="AlphabetSoupTestRandom(&quot;cvloawkmeotfrzakqbgbrtvzihyjkijezszdugtnlnlbhvocprqewd&quot;,&quot;aabbbccddeeefgghhiijjkkklllmnnooopqqrrrstttuvvvwwyzzzz&quot;)" fullname="Open_Lab_04._11.Tests.AlphabetSoupTestRandom(&quot;cvloawkmeotfrzakqbgbrtvzihyjkijezszdugtnlnlbhvocprqewd&quot;,&quot;aabbbccddeeefgghhiijjkkklllmnnooopqqrrrstttuvvvwwyzzzz&quot;)" methodname="AlphabetSoupTestRandom" classname="Open_Lab_04._11.Tests" runstate="Runnable" seed="466029954" result="Passed" start-time="2021-11-10 11:22:59Z" end-time="2021-11-10 11:22:59Z" duration="0.000074" asserts="1" />
            <test-case id="1095" name="AlphabetSoupTestRandom(&quot;izlfsybbvepgyaxqjhspdhtsnsvutsfivwqdibbpkmqxsppcsagwdosagtrzcgidygkcjuiigcerrvzycsbslj&quot;,&quot;aaabbbbbcccccddddeeffgggggghhiiiiiijjjkkllmnopppppqqqrrrsssssssssstttuuvvvvwwxxyyyyzzz&quot;)" fullname="Open_Lab_04._11.Tests.AlphabetSoupTestRandom(&quot;izlfsybbvepgyaxqjhspdhtsnsvutsfivwqdibbpkmqxsppcsagwdosagtrzcgidygkcjuiigcerrvzycsbslj&quot;,&quot;aaabbbbbcccccddddeeffgggggghhiiiiiijjjkkllmnopppppqqqrrrsssssssssstttuuvvvvwwxxyyyyzzz&quot;)" methodname="AlphabetSoupTestRandom" classname="Open_Lab_04._11.Tests" runstate="Runnable" seed="56861063" result="Passed" start-time="2021-11-10 11:22:59Z" end-time="2021-11-10 11:22:59Z" duration="0.000091" asserts="1" />
            <test-case id="1096" name="AlphabetSoupTestRandom(&quot;hdqwojbnedmzlfntyr&quot;,&quot;bddefhjlmnnoqrtwyz&quot;)" fullname="Open_Lab_04._11.Tests.AlphabetSoupTestRandom(&quot;hdqwojbnedmzlfntyr&quot;,&quot;bddefhjlmnnoqrtwyz&quot;)" methodname="AlphabetSoupTestRandom" classname="Open_Lab_04._11.Tests" runstate="Runnable" seed="1678752146" result="Passed" start-time="2021-11-10 11:22:59Z" end-time="2021-11-10 11:22:59Z" duration="0.000062" asserts="1" />
            <test-case id="1097" name="AlphabetSoupTestRandom(&quot;qbkajlttxjeproccytxuyfpaoevotpzdbmsdwdhlvqddznukjcozaxalmkmepfahjaofwzgvmmziblaakkfrbaddmhqmrdvq&quot;,&quot;aaaaaaaaabbbbcccddddddddeeeffffghhhijjjjkkkkkllllmmmmmmmnoooooppppqqqqrrrsttttuuvvvvwwxxxyyzzzzz&quot;)" fullname="Open_Lab_04._11.Tests.AlphabetSoupTestRandom(&quot;qbkajlttxjeproccytxuyfpaoevotpzdbmsdwdhlvqddznukjcozaxalmkmepfahjaofwzgvmmziblaakkfrbaddmhqmrdvq&quot;,&quot;aaaaaaaaabbbbcccddddddddeeeffffghhhijjjjkkkkkllllmmmmmmmnoooooppppqqqqrrrsttttuuvvvvwwxxxyyzzzzz&quot;)" methodname="AlphabetSoupTestRandom" classname="Open_Lab_04._11.Tests" runstate="Runnable" seed="1765252690" result="Passed" start-time="2021-11-10 11:22:59Z" end-time="2021-11-10 11:22:59Z" duration="0.000075" asserts="1" />
            <test-case id="1098" name="AlphabetSoupTestRandom(&quot;wuyypojvsnoyskbjlufzjgjxlsoitejrjsercbuwvvimoetwpcgipqgqkanwz&quot;,&quot;abbcceeefgggiiijjjjjjkkllmnnoooopppqqrrssssttuuuvvvwwwwxyyyzz&quot;)" fullname="Open_Lab_04._11.Tests.AlphabetSoupTestRandom(&quot;wuyypojvsnoyskbjlufzjgjxlsoitejrjsercbuwvvimoetwpcgipqgqkanwz&quot;,&quot;abbcceeefgggiiijjjjjjkkllmnnoooopppqqrrssssttuuuvvvwwwwxyyyzz&quot;)" methodname="AlphabetSoupTestRandom" classname="Open_Lab_04._11.Tests" runstate="Runnable" seed="1364421573" result="Passed" start-time="2021-11-10 11:22:59Z" end-time="2021-11-10 11:22:59Z" duration="0.000095" asserts="1" />
            <test-case id="1099" name="AlphabetSoupTestRandom(&quot;coewpa&quot;,&quot;aceopw&quot;)" fullname="Open_Lab_04._11.Tests.AlphabetSoupTestRandom(&quot;coewpa&quot;,&quot;aceopw&quot;)" methodname="AlphabetSoupTestRandom" classname="Open_Lab_04._11.Tests" runstate="Runnable" seed="1312498176" result="Passed" start-time="2021-11-10 11:22:59Z" end-time="2021-11-10 11:22:59Z" duration="0.000051" asserts="1" />
            <test-case id="1100" name="AlphabetSoupTestRandom(&quot;khjzjeoxxjgzstqyabsmog&quot;,&quot;abegghjjjkmooqsstxxyzz&quot;)" fullname="Open_Lab_04._11.Tests.AlphabetSoupTestRandom(&quot;khjzjeoxxjgzstqyabsmog&quot;,&quot;abegghjjjkmooqsstxxyzz&quot;)" methodname="AlphabetSoupTestRandom" classname="Open_Lab_04._11.Tests" runstate="Runnable" seed="1294656871" result="Passed" start-time="2021-11-10 11:22:59Z" end-time="2021-11-10 11:22:59Z" duration="0.000071" asserts="1" />
            <test-case id="1101" name="AlphabetSoupTestRandom(&quot;nxwusth&quot;,&quot;hnstuwx&quot;)" fullname="Open_Lab_04._11.Tests.AlphabetSoupTestRandom(&quot;nxwusth&quot;,&quot;hnstuwx&quot;)" methodname="AlphabetSoupTestRandom" classname="Open_Lab_04._11.Tests" runstate="Runnable" seed="2076782467" result="Passed" start-time="2021-11-10 11:22:59Z" end-time="2021-11-10 11:22:59Z" duration="0.000190" asserts="1" />
          </test-suite>
        </test-suite>
      </test-suite>
    </test-suite>
  </test-suite>
</test-run>